# JRE version: Java(TM) SE Runtime Environment (24.0+36) (build 24+36-3646)
# Java VM: Java HotSpot(TM) 64-Bit Server VM (24+36-3646, mixed mode, sharing, tiered, compressed oops, compressed class ptrs, g1 gc, windows-amd64)
GC Precious Log:
 CardTable entry size: 512
 Card Set container configuration: InlinePtr #cards 5 size 8 Array Of Cards #cards 10 size 36 Howl #buckets 4 coarsen threshold 1843 Howl Bitmap #cards 512 size 80 coarsen threshold 460 Card regions per heap region 1 cards per card region 2048
 CPUs: 8 total, 8 available
 Memory: 7582M
 Large Page Support: Disabled
 NUMA Support: Disabled
 Compressed Oops: Enabled (32-bit)
 Heap Region Size: 1M
 Heap Min Capacity: 8M
 Heap Initial Capacity: 120M
 Heap Max Capacity: 1896M
 Pre-touch: Disabled
 Parallel Workers: 8
 Concurrent Workers: 2
 Concurrent Refinement Workers: 8
 Periodic GC: Disabled
Heap:
 garbage-first heap   total reserved 1941504K, committed 143360K, used 104893K [0x0000000089800000, 0x0000000100000000)
  region size 1024K, 24 young (24576K), 4 survivors (4096K)
 Metaspace       used 56359K, committed 57280K, reserved 1114112K
  class space    used 5564K, committed 6016K, reserved 1048576K
GC Heap History (20 events):
Event: 4.956 GC heap before
{Heap before GC invocations=5 (full 0):
 garbage-first heap   total reserved 1941504K, committed 107520K, used 78964K [0x0000000089800000, 0x0000000100000000)
  region size 1024K, 41 young (41984K), 8 survivors (8192K)
 Metaspace       used 35318K, committed 36096K, reserved 1114112K
  class space    used 3686K, committed 4032K, reserved 1048576K
}
Event: 4.967 GC heap after
{Heap after GC invocations=6 (full 0):
 garbage-first heap   total reserved 1941504K, committed 107520K, used 46708K [0x0000000089800000, 0x0000000100000000)
  region size 1024K, 2 young (2048K), 2 survivors (2048K)
 Metaspace       used 35318K, committed 36096K, reserved 1114112K
  class space    used 3686K, committed 4032K, reserved 1048576K
}
Event: 4.999 GC heap before
{Heap before GC invocations=6 (full 0):
 garbage-first heap   total reserved 1941504K, committed 107520K, used 46708K [0x0000000089800000, 0x0000000100000000)
  region size 1024K, 3 young (3072K), 2 survivors (2048K)
 Metaspace       used 35620K, committed 36416K, reserved 1114112K
  class space    used 3721K, committed 4096K, reserved 1048576K
}
Event: 5.004 GC heap after
{Heap after GC invocations=7 (full 0):
 garbage-first heap   total reserved 1941504K, committed 107520K, used 46500K [0x0000000089800000, 0x0000000100000000)
  region size 1024K, 2 young (2048K), 2 survivors (2048K)
 Metaspace       used 35620K, committed 36416K, reserved 1114112K
  class space    used 3721K, committed 4096K, reserved 1048576K
}
Event: 5.741 GC heap before
{Heap before GC invocations=8 (full 0):
 garbage-first heap   total reserved 1941504K, committed 107520K, used 86436K [0x0000000089800000, 0x0000000100000000)
  region size 1024K, 40 young (40960K), 2 survivors (2048K)
 Metaspace       used 40429K, committed 41280K, reserved 1114112K
  class space    used 4211K, committed 4608K, reserved 1048576K
}
Event: 5.750 GC heap after
{Heap after GC invocations=9 (full 0):
 garbage-first heap   total reserved 1941504K, committed 107520K, used 50245K [0x0000000089800000, 0x0000000100000000)
  region size 1024K, 5 young (5120K), 5 survivors (5120K)
 Metaspace       used 40429K, committed 41280K, reserved 1114112K
  class space    used 4211K, committed 4608K, reserved 1048576K
}
Event: 6.378 GC heap before
{Heap before GC invocations=9 (full 0):
 garbage-first heap   total reserved 1941504K, committed 107520K, used 88133K [0x0000000089800000, 0x0000000100000000)
  region size 1024K, 42 young (43008K), 5 survivors (5120K)
 Metaspace       used 44712K, committed 45504K, reserved 1114112K
  class space    used 4641K, committed 4992K, reserved 1048576K
}
Event: 6.392 GC heap after
{Heap after GC invocations=10 (full 0):
 garbage-first heap   total reserved 1941504K, committed 129024K, used 53688K [0x0000000089800000, 0x0000000100000000)
  region size 1024K, 4 young (4096K), 4 survivors (4096K)
 Metaspace       used 44712K, committed 45504K, reserved 1114112K
  class space    used 4641K, committed 4992K, reserved 1048576K
}
Event: 8.395 GC heap before
{Heap before GC invocations=10 (full 0):
 garbage-first heap   total reserved 1941504K, committed 129024K, used 104888K [0x0000000089800000, 0x0000000100000000)
  region size 1024K, 54 young (55296K), 4 survivors (4096K)
 Metaspace       used 50664K, committed 51520K, reserved 1114112K
  class space    used 5213K, committed 5632K, reserved 1048576K
}
Event: 8.412 GC heap after
{Heap after GC invocations=11 (full 0):
 garbage-first heap   total reserved 1941504K, committed 129024K, used 61548K [0x0000000089800000, 0x0000000100000000)
  region size 1024K, 7 young (7168K), 7 survivors (7168K)
 Metaspace       used 50664K, committed 51520K, reserved 1114112K
  class space    used 5213K, committed 5632K, reserved 1048576K
}
Event: 10.429 GC heap before
{Heap before GC invocations=11 (full 0):
 garbage-first heap   total reserved 1941504K, committed 129024K, used 107628K [0x0000000089800000, 0x0000000100000000)
  region size 1024K, 52 young (53248K), 7 survivors (7168K)
 Metaspace       used 53754K, committed 54656K, reserved 1114112K
  class space    used 5459K, committed 5888K, reserved 1048576K
}
Event: 10.457 GC heap after
{Heap after GC invocations=12 (full 0):
 garbage-first heap   total reserved 1941504K, committed 129024K, used 67762K [0x0000000089800000, 0x0000000100000000)
  region size 1024K, 6 young (6144K), 6 survivors (6144K)
 Metaspace       used 53754K, committed 54656K, reserved 1114112K
  class space    used 5459K, committed 5888K, reserved 1048576K
}
Event: 11.266 GC heap before
{Heap before GC invocations=12 (full 0):
 garbage-first heap   total reserved 1941504K, committed 129024K, used 84146K [0x0000000089800000, 0x0000000100000000)
  region size 1024K, 23 young (23552K), 6 survivors (6144K)
 Metaspace       used 54434K, committed 55360K, reserved 1114112K
  class space    used 5471K, committed 5888K, reserved 1048576K
}
Event: 11.278 GC heap after
{Heap after GC invocations=13 (full 0):
 garbage-first heap   total reserved 1941504K, committed 129024K, used 70211K [0x0000000089800000, 0x0000000100000000)
  region size 1024K, 3 young (3072K), 3 survivors (3072K)
 Metaspace       used 54434K, committed 55360K, reserved 1114112K
  class space    used 5471K, committed 5888K, reserved 1048576K
}
Event: 12.555 GC heap before
{Heap before GC invocations=14 (full 0):
 garbage-first heap   total reserved 1941504K, committed 129024K, used 112195K [0x0000000089800000, 0x0000000100000000)
  region size 1024K, 43 young (44032K), 3 survivors (3072K)
 Metaspace       used 55087K, committed 56000K, reserved 1114112K
  class space    used 5489K, committed 5952K, reserved 1048576K
}
Event: 12.567 GC heap after
{Heap after GC invocations=15 (full 0):
 garbage-first heap   total reserved 1941504K, committed 129024K, used 75264K [0x0000000089800000, 0x0000000100000000)
  region size 1024K, 6 young (6144K), 6 survivors (6144K)
 Metaspace       used 55087K, committed 56000K, reserved 1114112K
  class space    used 5489K, committed 5952K, reserved 1048576K
}
Event: 14.579 GC heap before
{Heap before GC invocations=15 (full 0):
 garbage-first heap   total reserved 1941504K, committed 129024K, used 116224K [0x0000000089800000, 0x0000000100000000)
  region size 1024K, 44 young (45056K), 6 survivors (6144K)
 Metaspace       used 55646K, committed 56576K, reserved 1114112K
  class space    used 5507K, committed 5952K, reserved 1048576K
}
Event: 14.596 GC heap after
{Heap after GC invocations=16 (full 0):
 garbage-first heap   total reserved 1941504K, committed 129024K, used 81676K [0x0000000089800000, 0x0000000100000000)
  region size 1024K, 5 young (5120K), 5 survivors (5120K)
 Metaspace       used 55646K, committed 56576K, reserved 1114112K
  class space    used 5507K, committed 5952K, reserved 1048576K
}
Event: 15.893 GC heap before
{Heap before GC invocations=16 (full 0):
 garbage-first heap   total reserved 1941504K, committed 129024K, used 116492K [0x0000000089800000, 0x0000000100000000)
  region size 1024K, 39 young (39936K), 5 survivors (5120K)
 Metaspace       used 56083K, committed 57024K, reserved 1114112K
  class space    used 5544K, committed 6016K, reserved 1048576K
}
Event: 15.907 GC heap after
{Heap after GC invocations=17 (full 0):
 garbage-first heap   total reserved 1941504K, committed 129024K, used 85437K [0x0000000089800000, 0x0000000100000000)
  region size 1024K, 4 young (4096K), 4 survivors (4096K)
 Metaspace       used 56083K, committed 57024K, reserved 1114112K
  class space    used 5544K, committed 6016K, reserved 1048576K
}

